2023-01-04 14:31:20,010:INFO:PyCaret Supervised Module
2023-01-04 14:31:20,011:INFO:ML Usecase: regression
2023-01-04 14:31:20,011:INFO:version 2.2.2
2023-01-04 14:31:20,011:INFO:Initializing setup()
2023-01-04 14:31:20,011:INFO:setup(target=SalePrice, ml_usecase=regression, available_plots={'parameter': 'Hyperparameters', 'residuals': 'Residuals', 'error': 'Prediction Error', 'cooks': 'Cooks Distance', 'rfe': 'Feature Selection', 'learning': 'Learning Curve', 'manifold': 'Manifold Learning', 'vc': 'Validation Curve', 'feature': 'Feature Importance', 'feature_all': 'Feature Importance (All)', 'tree': 'Decision Tree'}, train_size=0.7, test_data=None, preprocess=True, imputation_type=simple, iterative_imputation_iters=5, categorical_features=None, categorical_imputation=constant, categorical_iterative_imputer=lightgbm, ordinal_features=None, high_cardinality_features=None, high_cardinality_method=frequency, numeric_features=None, numeric_imputation=mean, numeric_iterative_imputer=lightgbm, date_features=None, ignore_features=None, normalize=False, normalize_method=zscore, transformation=False, transformation_method=yeo-johnson, handle_unknown_categorical=True, unknown_categorical_method=least_frequent, pca=False, pca_method=linear, pca_components=None, ignore_low_variance=False, combine_rare_levels=False, rare_level_threshold=0.1, bin_numeric_features=None, remove_outliers=False, outliers_threshold=0.05, remove_multicollinearity=False, multicollinearity_threshold=0.9, remove_perfect_collinearity=True, create_clusters=False, cluster_iter=20, polynomial_features=False, polynomial_degree=2, trigonometry_features=False, polynomial_threshold=0.1, group_features=None, group_names=None, feature_selection=False, feature_selection_threshold=0.8, feature_selection_method=classic, feature_interaction=False, feature_ratio=False, interaction_threshold=0.01, fix_imbalance=False, fix_imbalance_method=None, transform_target=False, transform_target_method=box-cox, data_split_shuffle=True, data_split_stratify=False, fold_strategy=kfold, fold=10, fold_shuffle=False, fold_groups=None, n_jobs=-1, use_gpu=False, custom_pipeline=None, html=True, session_id=None, log_experiment=False, experiment_name=None, log_plots=False, log_profile=False, log_data=False, silent=False, verbose=True, profile=False, profile_kwargs=None, display=None)
2023-01-04 14:31:20,011:INFO:Checking environment
2023-01-04 14:31:20,011:INFO:python_version: 3.8.10
2023-01-04 14:31:20,011:INFO:python_build: ('default', 'Nov 14 2022 12:59:47')
2023-01-04 14:31:20,011:INFO:machine: x86_64
2023-01-04 14:31:20,011:INFO:platform: Linux-5.4.176-91.338.amzn2.x86_64-x86_64-with-glibc2.29
2023-01-04 14:31:20,011:INFO:Memory: svmem(total=65902239744, available=49741266944, percent=24.5, used=16172204032, free=9242255360, active=13653983232, inactive=34642726912, buffers=1638400, cached=40486141952, shared=7122944, slab=6801276928)
2023-01-04 14:31:20,012:INFO:Physical Core: 8
2023-01-04 14:31:20,012:INFO:Logical Core: 16
2023-01-04 14:31:20,012:INFO:Checking libraries
2023-01-04 14:31:20,012:INFO:pd==1.4.3
2023-01-04 14:31:20,012:INFO:numpy==1.23.2
2023-01-04 14:31:20,012:INFO:sklearn==1.1.2
2023-01-04 14:31:20,012:INFO:xgboost==1.6.2
2023-01-04 14:31:20,012:INFO:lightgbm==3.3.3
2023-01-04 14:31:20,012:INFO:catboost==1.0.6
2023-01-04 14:31:20,273:INFO:mlflow==2.0.1
2023-01-04 14:31:20,274:INFO:Checking Exceptions
2023-01-04 14:31:20,274:INFO:Declaring global variables
2023-01-04 14:31:20,274:INFO:USI: 2ef5
2023-01-04 14:31:20,274:INFO:pycaret_globals: {'transform_target_param', 'imputation_classifier', 'iterative_imputation_iters_param', 'target_param', 'y_train', 'X_train', 'data_before_preprocess', 'X_test', '_internal_pipeline', 'y', '_all_models', 'fold_shuffle_param', 'display_container', 'fold_generator', '_available_plots', 'transform_target_method_param', '_ml_usecase', 'y_test', 'pycaret_globals', 'fix_imbalance_param', 'fix_imbalance_method_param', 'logging_param', 'prep_pipe', 'stratify_param', 'master_model_container', 'X', 'fold_param', 'fold_groups_param', 'experiment__', 'exp_name_log', 'USI', 'n_jobs_param', '_all_models_internal', '_gpu_n_jobs_param', 'log_plots_param', 'imputation_regressor', 'html_param', 'seed', 'gpu_param', '_all_metrics', 'create_model_container'}
2023-01-04 14:31:20,274:INFO:Preparing display monitor
2023-01-04 14:31:20,274:INFO:Preparing display monitor
2023-01-04 14:31:20,285:INFO:Importing libraries
2023-01-04 14:31:20,286:INFO:Copying data for preprocessing
2023-01-04 14:31:20,303:INFO:Declaring preprocessing parameters
2023-01-04 14:31:20,305:INFO:Creating preprocessing pipeline
2023-01-04 14:31:20,428:INFO:Preprocessing pipeline created successfully
2023-01-04 14:31:20,428:ERROR:(Process Exit): setup has been interupted with user command 'quit'. setup must rerun.
2023-01-04 14:31:20,428:INFO:Creating global containers
2023-01-04 14:33:08,297:INFO:PyCaret Supervised Module
2023-01-04 14:33:08,297:INFO:ML Usecase: regression
2023-01-04 14:33:08,297:INFO:version 2.2.2
2023-01-04 14:33:08,297:INFO:Initializing setup()
2023-01-04 14:33:08,297:INFO:setup(target=SalePrice, ml_usecase=regression, available_plots={'parameter': 'Hyperparameters', 'residuals': 'Residuals', 'error': 'Prediction Error', 'cooks': 'Cooks Distance', 'rfe': 'Feature Selection', 'learning': 'Learning Curve', 'manifold': 'Manifold Learning', 'vc': 'Validation Curve', 'feature': 'Feature Importance', 'feature_all': 'Feature Importance (All)', 'tree': 'Decision Tree'}, train_size=0.7, test_data=None, preprocess=True, imputation_type=simple, iterative_imputation_iters=5, categorical_features=None, categorical_imputation=constant, categorical_iterative_imputer=lightgbm, ordinal_features=None, high_cardinality_features=None, high_cardinality_method=frequency, numeric_features=None, numeric_imputation=mean, numeric_iterative_imputer=lightgbm, date_features=None, ignore_features=None, normalize=False, normalize_method=zscore, transformation=False, transformation_method=yeo-johnson, handle_unknown_categorical=True, unknown_categorical_method=least_frequent, pca=False, pca_method=linear, pca_components=None, ignore_low_variance=False, combine_rare_levels=False, rare_level_threshold=0.1, bin_numeric_features=None, remove_outliers=False, outliers_threshold=0.05, remove_multicollinearity=False, multicollinearity_threshold=0.9, remove_perfect_collinearity=True, create_clusters=False, cluster_iter=20, polynomial_features=False, polynomial_degree=2, trigonometry_features=False, polynomial_threshold=0.1, group_features=None, group_names=None, feature_selection=False, feature_selection_threshold=0.8, feature_selection_method=classic, feature_interaction=False, feature_ratio=False, interaction_threshold=0.01, fix_imbalance=False, fix_imbalance_method=None, transform_target=False, transform_target_method=box-cox, data_split_shuffle=True, data_split_stratify=False, fold_strategy=kfold, fold=10, fold_shuffle=False, fold_groups=None, n_jobs=-1, use_gpu=False, custom_pipeline=None, html=True, session_id=None, log_experiment=False, experiment_name=None, log_plots=False, log_profile=False, log_data=False, silent=False, verbose=True, profile=False, profile_kwargs=None, display=None)
2023-01-04 14:33:08,297:INFO:Checking environment
2023-01-04 14:33:08,297:INFO:python_version: 3.8.10
2023-01-04 14:33:08,297:INFO:python_build: ('default', 'Nov 14 2022 12:59:47')
2023-01-04 14:33:08,297:INFO:machine: x86_64
2023-01-04 14:33:08,297:INFO:platform: Linux-5.4.176-91.338.amzn2.x86_64-x86_64-with-glibc2.29
2023-01-04 14:33:08,298:INFO:Memory: svmem(total=65902239744, available=49742774272, percent=24.5, used=16131743744, free=9280159744, active=13661454336, inactive=34612195328, buffers=1638400, cached=40488697856, shared=6950912, slab=6787338240)
2023-01-04 14:33:08,298:INFO:Physical Core: 8
2023-01-04 14:33:08,298:INFO:Logical Core: 16
2023-01-04 14:33:08,298:INFO:Checking libraries
2023-01-04 14:33:08,298:INFO:pd==1.4.3
2023-01-04 14:33:08,299:INFO:numpy==1.23.2
2023-01-04 14:33:08,299:INFO:sklearn==1.1.2
2023-01-04 14:33:08,299:INFO:xgboost==1.6.2
2023-01-04 14:33:08,299:INFO:lightgbm==3.3.3
2023-01-04 14:33:08,299:INFO:catboost==1.0.6
2023-01-04 14:33:08,299:INFO:mlflow==2.0.1
2023-01-04 14:33:08,299:INFO:Checking Exceptions
2023-01-04 14:33:08,299:INFO:Declaring global variables
2023-01-04 14:33:08,299:INFO:USI: 6995
2023-01-04 14:33:08,299:INFO:pycaret_globals: {'transform_target_param', 'imputation_classifier', 'iterative_imputation_iters_param', 'target_param', 'y_train', 'X_train', 'data_before_preprocess', 'X_test', '_internal_pipeline', 'y', '_all_models', 'fold_shuffle_param', 'display_container', 'fold_generator', '_available_plots', 'transform_target_method_param', '_ml_usecase', 'y_test', 'pycaret_globals', 'fix_imbalance_param', 'fix_imbalance_method_param', 'logging_param', 'prep_pipe', 'stratify_param', 'master_model_container', 'X', 'fold_param', 'fold_groups_param', 'experiment__', 'exp_name_log', 'USI', 'n_jobs_param', '_all_models_internal', '_gpu_n_jobs_param', 'log_plots_param', 'imputation_regressor', 'html_param', 'seed', 'gpu_param', '_all_metrics', 'create_model_container'}
2023-01-04 14:33:08,299:INFO:Preparing display monitor
2023-01-04 14:33:08,299:INFO:Preparing display monitor
2023-01-04 14:33:08,310:INFO:Importing libraries
2023-01-04 14:33:08,310:INFO:Copying data for preprocessing
2023-01-04 14:33:08,328:INFO:Declaring preprocessing parameters
2023-01-04 14:33:08,330:INFO:Creating preprocessing pipeline
2023-01-04 14:33:08,451:INFO:Preprocessing pipeline created successfully
2023-01-04 14:33:08,452:ERROR:(Process Exit): setup has been interupted with user command 'quit'. setup must rerun.
2023-01-04 14:33:08,452:INFO:Creating global containers
2023-01-04 14:33:45,584:INFO:PyCaret Supervised Module
2023-01-04 14:33:45,585:INFO:ML Usecase: regression
2023-01-04 14:33:45,585:INFO:version 2.2.2
2023-01-04 14:33:45,585:INFO:Initializing setup()
2023-01-04 14:33:45,585:INFO:setup(target=SalePrice, ml_usecase=regression, available_plots={'parameter': 'Hyperparameters', 'residuals': 'Residuals', 'error': 'Prediction Error', 'cooks': 'Cooks Distance', 'rfe': 'Feature Selection', 'learning': 'Learning Curve', 'manifold': 'Manifold Learning', 'vc': 'Validation Curve', 'feature': 'Feature Importance', 'feature_all': 'Feature Importance (All)', 'tree': 'Decision Tree'}, train_size=0.7, test_data=None, preprocess=True, imputation_type=simple, iterative_imputation_iters=5, categorical_features=None, categorical_imputation=constant, categorical_iterative_imputer=lightgbm, ordinal_features=None, high_cardinality_features=None, high_cardinality_method=frequency, numeric_features=None, numeric_imputation=mean, numeric_iterative_imputer=lightgbm, date_features=None, ignore_features=None, normalize=False, normalize_method=zscore, transformation=False, transformation_method=yeo-johnson, handle_unknown_categorical=True, unknown_categorical_method=least_frequent, pca=False, pca_method=linear, pca_components=None, ignore_low_variance=False, combine_rare_levels=False, rare_level_threshold=0.1, bin_numeric_features=None, remove_outliers=False, outliers_threshold=0.05, remove_multicollinearity=False, multicollinearity_threshold=0.9, remove_perfect_collinearity=True, create_clusters=False, cluster_iter=20, polynomial_features=False, polynomial_degree=2, trigonometry_features=False, polynomial_threshold=0.1, group_features=None, group_names=None, feature_selection=False, feature_selection_threshold=0.8, feature_selection_method=classic, feature_interaction=False, feature_ratio=False, interaction_threshold=0.01, fix_imbalance=False, fix_imbalance_method=None, transform_target=False, transform_target_method=box-cox, data_split_shuffle=True, data_split_stratify=False, fold_strategy=kfold, fold=10, fold_shuffle=True, fold_groups=None, n_jobs=-1, use_gpu=False, custom_pipeline=None, html=True, session_id=None, log_experiment=False, experiment_name=None, log_plots=False, log_profile=False, log_data=False, silent=False, verbose=True, profile=False, profile_kwargs=None, display=None)
2023-01-04 14:33:45,585:INFO:Checking environment
2023-01-04 14:33:45,585:INFO:python_version: 3.8.10
2023-01-04 14:33:45,585:INFO:python_build: ('default', 'Nov 14 2022 12:59:47')
2023-01-04 14:33:45,585:INFO:machine: x86_64
2023-01-04 14:33:45,585:INFO:platform: Linux-5.4.176-91.338.amzn2.x86_64-x86_64-with-glibc2.29
2023-01-04 14:33:45,585:INFO:Memory: svmem(total=65902239744, available=49716482048, percent=24.6, used=16158040064, free=9253564416, active=13689282560, inactive=34612781056, buffers=1638400, cached=40488996864, shared=6946816, slab=6787600384)
2023-01-04 14:33:45,586:INFO:Physical Core: 8
2023-01-04 14:33:45,586:INFO:Logical Core: 16
2023-01-04 14:33:45,586:INFO:Checking libraries
2023-01-04 14:33:45,586:INFO:pd==1.4.3
2023-01-04 14:33:45,586:INFO:numpy==1.23.2
2023-01-04 14:33:45,586:INFO:sklearn==1.1.2
2023-01-04 14:33:45,586:INFO:xgboost==1.6.2
2023-01-04 14:33:45,586:INFO:lightgbm==3.3.3
2023-01-04 14:33:45,586:INFO:catboost==1.0.6
2023-01-04 14:33:45,586:INFO:mlflow==2.0.1
2023-01-04 14:33:45,586:INFO:Checking Exceptions
2023-01-04 14:33:45,586:INFO:Declaring global variables
2023-01-04 14:33:45,586:INFO:USI: c90d
2023-01-04 14:33:45,586:INFO:pycaret_globals: {'transform_target_param', 'imputation_classifier', 'iterative_imputation_iters_param', 'target_param', 'y_train', 'X_train', 'data_before_preprocess', 'X_test', '_internal_pipeline', 'y', '_all_models', 'fold_shuffle_param', 'display_container', 'fold_generator', '_available_plots', 'transform_target_method_param', '_ml_usecase', 'y_test', 'pycaret_globals', 'fix_imbalance_param', 'fix_imbalance_method_param', 'logging_param', 'prep_pipe', 'stratify_param', 'master_model_container', 'X', 'fold_param', 'fold_groups_param', 'experiment__', 'exp_name_log', 'USI', 'n_jobs_param', '_all_models_internal', '_gpu_n_jobs_param', 'log_plots_param', 'imputation_regressor', 'html_param', 'seed', 'gpu_param', '_all_metrics', 'create_model_container'}
2023-01-04 14:33:45,586:INFO:Preparing display monitor
2023-01-04 14:33:45,586:INFO:Preparing display monitor
2023-01-04 14:33:45,597:INFO:Importing libraries
2023-01-04 14:33:45,597:INFO:Copying data for preprocessing
2023-01-04 14:33:45,612:INFO:Declaring preprocessing parameters
2023-01-04 14:33:45,614:INFO:Creating preprocessing pipeline
2023-01-04 14:33:45,737:INFO:Preprocessing pipeline created successfully
2023-01-04 14:33:45,737:ERROR:(Process Exit): setup has been interupted with user command 'quit'. setup must rerun.
2023-01-04 14:33:45,737:INFO:Creating global containers
2023-01-04 14:33:45,738:INFO:Internal pipeline: Pipeline(memory=None, steps=[('empty_step', 'passthrough')], verbose=False)
2023-01-04 14:36:22,051:INFO:PyCaret Supervised Module
2023-01-04 14:36:22,051:INFO:ML Usecase: regression
2023-01-04 14:36:22,051:INFO:version 2.2.2
2023-01-04 14:36:22,051:INFO:Initializing setup()
2023-01-04 14:36:22,051:INFO:setup(target=SalePrice, ml_usecase=regression, available_plots={'parameter': 'Hyperparameters', 'residuals': 'Residuals', 'error': 'Prediction Error', 'cooks': 'Cooks Distance', 'rfe': 'Feature Selection', 'learning': 'Learning Curve', 'manifold': 'Manifold Learning', 'vc': 'Validation Curve', 'feature': 'Feature Importance', 'feature_all': 'Feature Importance (All)', 'tree': 'Decision Tree'}, train_size=0.7, test_data=None, preprocess=True, imputation_type=simple, iterative_imputation_iters=5, categorical_features=None, categorical_imputation=constant, categorical_iterative_imputer=lightgbm, ordinal_features=None, high_cardinality_features=None, high_cardinality_method=frequency, numeric_features=None, numeric_imputation=mean, numeric_iterative_imputer=lightgbm, date_features=None, ignore_features=None, normalize=False, normalize_method=zscore, transformation=False, transformation_method=yeo-johnson, handle_unknown_categorical=True, unknown_categorical_method=least_frequent, pca=False, pca_method=linear, pca_components=None, ignore_low_variance=False, combine_rare_levels=False, rare_level_threshold=0.1, bin_numeric_features=None, remove_outliers=False, outliers_threshold=0.05, remove_multicollinearity=False, multicollinearity_threshold=0.9, remove_perfect_collinearity=True, create_clusters=False, cluster_iter=20, polynomial_features=False, polynomial_degree=2, trigonometry_features=False, polynomial_threshold=0.1, group_features=None, group_names=None, feature_selection=False, feature_selection_threshold=0.8, feature_selection_method=classic, feature_interaction=False, feature_ratio=False, interaction_threshold=0.01, fix_imbalance=False, fix_imbalance_method=None, transform_target=False, transform_target_method=box-cox, data_split_shuffle=True, data_split_stratify=False, fold_strategy=kfold, fold=10, fold_shuffle=True, fold_groups=None, n_jobs=-1, use_gpu=False, custom_pipeline=None, html=True, session_id=None, log_experiment=False, experiment_name=None, log_plots=False, log_profile=False, log_data=False, silent=False, verbose=True, profile=False, profile_kwargs=None, display=None)
2023-01-04 14:36:22,051:INFO:Checking environment
2023-01-04 14:36:22,051:INFO:python_version: 3.8.10
2023-01-04 14:36:22,051:INFO:python_build: ('default', 'Nov 14 2022 12:59:47')
2023-01-04 14:36:22,051:INFO:machine: x86_64
2023-01-04 14:36:22,051:INFO:platform: Linux-5.4.176-91.338.amzn2.x86_64-x86_64-with-glibc2.29
2023-01-04 14:36:22,052:INFO:Memory: svmem(total=65902239744, available=49637179392, percent=24.7, used=16237449216, free=9172520960, active=13767454720, inactive=34614325248, buffers=1638400, cached=40490631168, shared=6955008, slab=6789152768)
2023-01-04 14:36:22,052:INFO:Physical Core: 8
2023-01-04 14:36:22,052:INFO:Logical Core: 16
2023-01-04 14:36:22,052:INFO:Checking libraries
2023-01-04 14:36:22,052:INFO:pd==1.4.3
2023-01-04 14:36:22,052:INFO:numpy==1.23.2
2023-01-04 14:36:22,052:INFO:sklearn==1.1.2
2023-01-04 14:36:22,053:INFO:xgboost==1.6.2
2023-01-04 14:36:22,053:INFO:lightgbm==3.3.3
2023-01-04 14:36:22,053:INFO:catboost==1.0.6
2023-01-04 14:36:22,053:INFO:mlflow==2.0.1
2023-01-04 14:36:22,053:INFO:Checking Exceptions
2023-01-04 14:36:22,053:INFO:Declaring global variables
2023-01-04 14:36:22,053:INFO:USI: 21d3
2023-01-04 14:36:22,053:INFO:pycaret_globals: {'transform_target_param', 'imputation_classifier', 'iterative_imputation_iters_param', 'target_param', 'y_train', 'X_train', 'data_before_preprocess', 'X_test', '_internal_pipeline', 'y', '_all_models', 'fold_shuffle_param', 'display_container', 'fold_generator', '_available_plots', 'transform_target_method_param', '_ml_usecase', 'y_test', 'pycaret_globals', 'fix_imbalance_param', 'fix_imbalance_method_param', 'logging_param', 'prep_pipe', 'stratify_param', 'master_model_container', 'X', 'fold_param', 'fold_groups_param', 'experiment__', 'exp_name_log', 'USI', 'n_jobs_param', '_all_models_internal', '_gpu_n_jobs_param', 'log_plots_param', 'imputation_regressor', 'html_param', 'seed', 'gpu_param', '_all_metrics', 'create_model_container'}
2023-01-04 14:36:22,053:INFO:Preparing display monitor
2023-01-04 14:36:22,053:INFO:Preparing display monitor
2023-01-04 14:36:22,064:INFO:Importing libraries
2023-01-04 14:36:22,064:INFO:Copying data for preprocessing
2023-01-04 14:36:22,075:INFO:Declaring preprocessing parameters
2023-01-04 14:36:22,078:INFO:Creating preprocessing pipeline
2023-01-04 14:36:22,201:INFO:Preprocessing pipeline created successfully
2023-01-04 14:36:22,201:ERROR:(Process Exit): setup has been interupted with user command 'quit'. setup must rerun.
2023-01-04 14:36:22,202:INFO:Creating global containers
2023-01-04 14:36:22,202:INFO:Internal pipeline: Pipeline(memory=None, steps=[('empty_step', 'passthrough')], verbose=False)
